<?xml version="1.0" encoding="UTF-8"?>
<robot generator="Robot 3.2.2 (Python 3.9.0 on win32)" generated="20201023 12:46:04.714" rpa="false">
<suite id="s1" name="Amazon" source="C:\development\robot-scripts\amazon\tests\Amazon.robot">
<test id="s1-t1" name="User must sign in to check out">
<kw name="Open Browser" library="SeleniumLibrary">
<doc>Opens a new browser instance to the optional ``url``.</doc>
<arguments>
<arg>http://www.amazon.com</arg>
<arg>edge</arg>
</arguments>
<msg timestamp="20201023 12:46:04.980" level="INFO">Opening browser 'edge' to base url 'http://www.amazon.com'.</msg>
<kw name="Capture Page Screenshot" library="SeleniumLibrary">
<doc>Takes a screenshot of the current page and embeds it into a log file.</doc>
<msg timestamp="20201023 12:46:04.983" level="INFO">Cannot capture screenshot because no browser is open.</msg>
<status status="PASS" starttime="20201023 12:46:04.983" endtime="20201023 12:46:04.983"></status>
</kw>
<msg timestamp="20201023 12:46:04.986" level="FAIL">WebDriverException: Message: 'MicrosoftWebDriver.exe' executable needs to be in PATH. Please download from http://go.microsoft.com/fwlink/?LinkId=619687
</msg>
<status status="FAIL" starttime="20201023 12:46:04.980" endtime="20201023 12:46:04.986"></status>
</kw>
<doc>Basic info about the test</doc>
<tags>
<tag>Smoke</tag>
</tags>
<status status="FAIL" starttime="20201023 12:46:04.979" endtime="20201023 12:46:04.987" critical="yes">WebDriverException: Message: 'MicrosoftWebDriver.exe' executable needs to be in PATH. Please download from http://go.microsoft.com/fwlink/?LinkId=619687
</status>
</test>
<doc>This is some basic info about the whole suite</doc>
<status status="FAIL" starttime="20201023 12:46:04.717" endtime="20201023 12:46:04.988"></status>
</suite>
<statistics>
<total>
<stat pass="0" fail="1">Critical Tests</stat>
<stat pass="0" fail="1">All Tests</stat>
</total>
<tag>
<stat pass="0" fail="1">Smoke</stat>
</tag>
<suite>
<stat pass="0" fail="1" id="s1" name="Amazon">Amazon</stat>
</suite>
</statistics>
<errors>
</errors>
</robot>
