<?xml version="1.0" encoding="UTF-8"?>
<robot generator="Robot 3.2.2 (Python 3.9.0 on win32)" generated="20201028 11:58:56.395" rpa="false">
<suite id="s1" name="Amazon" source="C:\development\robot-scripts\First Script\tests\amazon.robot">
<test id="s1-t1" name="Busca agrega al carrito y sale">
<kw name="Abrir Amazon" library="Amazon" type="setup">
<kw name="Open Browser" library="SeleniumLibrary">
<doc>Opens a new browser instance to the optional ``url``.</doc>
<arguments>
<arg>${WEB}</arg>
<arg>${NAV}</arg>
</arguments>
<msg timestamp="20201028 11:58:56.677" level="INFO">Opening browser 'chrome' to base url 'http://www.amazon.com'.</msg>
<status status="PASS" starttime="20201028 11:58:56.677" endtime="20201028 11:59:01.993"></status>
</kw>
<kw name="Wait Until Page Contains" library="SeleniumLibrary">
<doc>Waits until ``text`` appears on the current page.</doc>
<arguments>
<arg>Ofertas del Día</arg>
</arguments>
<status status="PASS" starttime="20201028 11:59:01.993" endtime="20201028 11:59:02.123"></status>
</kw>
<status status="PASS" starttime="20201028 11:58:56.676" endtime="20201028 11:59:02.123"></status>
</kw>
<kw name="Busca algo en la tienda" library="Amazon">
<arguments>
<arg>${OBJ}</arg>
</arguments>
<kw name="Texto en el buscador y busca" library="pageObject">
<arguments>
<arg>${OBJ}</arg>
</arguments>
<msg timestamp="20201028 11:59:02.125" level="INFO">Typing text 'Audi R8' into text field 'id=twotabsearchtextbox'.</msg>
<msg timestamp="20201028 11:59:02.303" level="INFO">Clicking button 'css=#nav-search-submit-text &gt; input'.</msg>
<status status="PASS" starttime="20201028 11:59:02.125" endtime="20201028 11:59:04.520"></status>
</kw>
<status status="PASS" starttime="20201028 11:59:02.124" endtime="20201028 11:59:04.520"></status>
</kw>
<kw name="Observa los resultados" library="Amazon">
<kw name="Wait Until Page Contains" library="SeleniumLibrary">
<doc>Waits until ``text`` appears on the current page.</doc>
<arguments>
<arg>resultados para "${OBJ}"</arg>
</arguments>
<status status="PASS" starttime="20201028 11:59:04.521" endtime="20201028 11:59:04.646"></status>
</kw>
<kw name="Sleep" library="BuiltIn">
<doc>Pauses the test executed for the given time.</doc>
<arguments>
<arg>3s</arg>
</arguments>
<msg timestamp="20201028 11:59:07.648" level="INFO">Slept 3 seconds</msg>
<status status="PASS" starttime="20201028 11:59:04.647" endtime="20201028 11:59:07.648"></status>
</kw>
<status status="PASS" starttime="20201028 11:59:04.521" endtime="20201028 11:59:07.648"></status>
</kw>
<kw name="Selecciona un objeto de la tienda" library="Amazon">
<kw name="Click Link" library="SeleniumLibrary">
<doc>Clicks a link identified by ``locator``.</doc>
<arguments>
<arg>xpath=//*[@id="search"]/div[1]/div[2]/div/span[3]/div[2]/div[3]/div/span/div/div/div[2]/h2/a</arg>
</arguments>
<msg timestamp="20201028 11:59:07.649" level="INFO">Clicking link 'xpath=//*[@id="search"]/div[1]/div[2]/div/span[3]/div[2]/div[3]/div/span/div/div/div[2]/h2/a'.</msg>
<status status="PASS" starttime="20201028 11:59:07.649" endtime="20201028 11:59:09.155"></status>
</kw>
<kw name="Wait Until Page Contains" library="SeleniumLibrary">
<doc>Waits until ``text`` appears on the current page.</doc>
<arguments>
<arg>Volver a resultados</arg>
</arguments>
<status status="PASS" starttime="20201028 11:59:09.155" endtime="20201028 11:59:09.266"></status>
</kw>
<status status="PASS" starttime="20201028 11:59:07.648" endtime="20201028 11:59:09.266"></status>
</kw>
<kw name="Agrega y cierra el carrito" library="Amazon">
<kw name="Click Button" library="SeleniumLibrary">
<doc>Clicks the button identified by ``locator``.</doc>
<arguments>
<arg>id=add-to-cart-button</arg>
</arguments>
<msg timestamp="20201028 11:59:09.269" level="INFO">Clicking button 'id=add-to-cart-button'.</msg>
<status status="PASS" starttime="20201028 11:59:09.269" endtime="20201028 11:59:09.839"></status>
</kw>
<kw name="Wait Until Page Contains" library="SeleniumLibrary">
<doc>Waits until ``text`` appears on the current page.</doc>
<arguments>
<arg>Agregado al carrito</arg>
</arguments>
<status status="PASS" starttime="20201028 11:59:09.839" endtime="20201028 11:59:10.463"></status>
</kw>
<kw name="Click Link" library="SeleniumLibrary">
<doc>Clicks a link identified by ``locator``.</doc>
<arguments>
<arg>id=hlb-view-cart-announce</arg>
</arguments>
<msg timestamp="20201028 11:59:10.464" level="INFO">Clicking link 'id=hlb-view-cart-announce'.</msg>
<status status="PASS" starttime="20201028 11:59:10.463" endtime="20201028 11:59:11.012"></status>
</kw>
<kw name="Sleep" library="BuiltIn">
<doc>Pauses the test executed for the given time.</doc>
<arguments>
<arg>3s</arg>
</arguments>
<msg timestamp="20201028 11:59:14.014" level="INFO">Slept 3 seconds</msg>
<status status="PASS" starttime="20201028 11:59:11.013" endtime="20201028 11:59:14.014"></status>
</kw>
<kw name="Pulsa al boton Amazon" library="pageObject">
<msg timestamp="20201028 11:59:14.015" level="INFO">Clicking link 'xpath=//*[@id="nav-logo"]/a'.</msg>
<status status="PASS" starttime="20201028 11:59:14.015" endtime="20201028 11:59:15.742"></status>
</kw>
<status status="PASS" starttime="20201028 11:59:09.267" endtime="20201028 11:59:15.742"></status>
</kw>
<kw name="Cierra el buscador" library="Common" type="teardown">
<kw name="Close Browser" library="SeleniumLibrary">
<doc>Closes the current browser.</doc>
<status status="PASS" starttime="20201028 11:59:15.743" endtime="20201028 11:59:18.983"></status>
</kw>
<status status="PASS" starttime="20201028 11:59:15.743" endtime="20201028 11:59:18.983"></status>
</kw>
<doc>This is some basic info about the test</doc>
<tags>
<tag>Smoke</tag>
</tags>
<status status="PASS" starttime="20201028 11:58:56.675" endtime="20201028 11:59:18.985" critical="yes"></status>
</test>
<test id="s1-t2" name="Busca productos">
<kw name="Abrir Amazon" library="Amazon" type="setup">
<kw name="Open Browser" library="SeleniumLibrary">
<doc>Opens a new browser instance to the optional ``url``.</doc>
<arguments>
<arg>${WEB}</arg>
<arg>${NAV}</arg>
</arguments>
<msg timestamp="20201028 11:59:18.996" level="INFO">Opening browser 'chrome' to base url 'http://www.amazon.com'.</msg>
<status status="PASS" starttime="20201028 11:59:18.995" endtime="20201028 11:59:24.201"></status>
</kw>
<kw name="Wait Until Page Contains" library="SeleniumLibrary">
<doc>Waits until ``text`` appears on the current page.</doc>
<arguments>
<arg>Ofertas del Día</arg>
</arguments>
<status status="PASS" starttime="20201028 11:59:24.201" endtime="20201028 11:59:24.288"></status>
</kw>
<status status="PASS" starttime="20201028 11:59:18.994" endtime="20201028 11:59:24.288"></status>
</kw>
<kw name="Busca algo en la tienda" library="Amazon">
<arguments>
<arg>${OBJ}</arg>
</arguments>
<kw name="Texto en el buscador y busca" library="pageObject">
<arguments>
<arg>${OBJ}</arg>
</arguments>
<msg timestamp="20201028 11:59:24.290" level="INFO">Typing text 'Audi R8' into text field 'id=twotabsearchtextbox'.</msg>
<msg timestamp="20201028 11:59:24.528" level="INFO">Clicking button 'css=#nav-search-submit-text &gt; input'.</msg>
<status status="PASS" starttime="20201028 11:59:24.289" endtime="20201028 11:59:26.649"></status>
</kw>
<status status="PASS" starttime="20201028 11:59:24.289" endtime="20201028 11:59:26.649"></status>
</kw>
<kw name="Observa los resultados" library="Amazon">
<kw name="Wait Until Page Contains" library="SeleniumLibrary">
<doc>Waits until ``text`` appears on the current page.</doc>
<arguments>
<arg>resultados para "${OBJ}"</arg>
</arguments>
<status status="PASS" starttime="20201028 11:59:26.651" endtime="20201028 11:59:26.772"></status>
</kw>
<kw name="Sleep" library="BuiltIn">
<doc>Pauses the test executed for the given time.</doc>
<arguments>
<arg>3s</arg>
</arguments>
<msg timestamp="20201028 11:59:29.774" level="INFO">Slept 3 seconds</msg>
<status status="PASS" starttime="20201028 11:59:26.772" endtime="20201028 11:59:29.774"></status>
</kw>
<status status="PASS" starttime="20201028 11:59:26.650" endtime="20201028 11:59:29.774"></status>
</kw>
<kw name="Cierra el buscador" library="Common" type="teardown">
<kw name="Close Browser" library="SeleniumLibrary">
<doc>Closes the current browser.</doc>
<status status="PASS" starttime="20201028 11:59:29.775" endtime="20201028 11:59:32.007"></status>
</kw>
<status status="PASS" starttime="20201028 11:59:29.775" endtime="20201028 11:59:32.007"></status>
</kw>
<status status="PASS" starttime="20201028 11:59:18.991" endtime="20201028 11:59:32.009" critical="yes"></status>
</test>
<doc>This is some basic info about the whole suite</doc>
<status status="PASS" starttime="20201028 11:58:56.398" endtime="20201028 11:59:32.021"></status>
</suite>
<statistics>
<total>
<stat pass="2" fail="0">Critical Tests</stat>
<stat pass="2" fail="0">All Tests</stat>
</total>
<tag>
<stat pass="1" fail="0">Smoke</stat>
</tag>
<suite>
<stat pass="2" fail="0" id="s1" name="Amazon">Amazon</stat>
</suite>
</statistics>
<errors>
</errors>
</robot>
